# JRE version: OpenJDK Runtime Environment (11.0.10) (build 11.0.10+0-b96-7249189)
# Java VM: OpenJDK 64-Bit Server VM (11.0.10+0-b96-7249189, mixed mode, tiered, compressed oops, g1 gc, linux-amd64)
Heap:
 garbage-first heap   total 306176K, used 146476K [0x0000000080000000, 0x0000000100000000)
  region size 1024K, 35 young (35840K), 7 survivors (7168K)
 Metaspace       used 111873K, capacity 115352K, committed 115660K, reserved 1148928K
  class space    used 14261K, capacity 15588K, committed 15616K, reserved 1048576K
GC Heap History (20 events):
Event: 1003,575 GC heap before
{Heap before GC invocations=47 (full 0):
 garbage-first heap   total 306176K, used 180606K [0x0000000080000000, 0x0000000100000000)
  region size 1024K, 36 young (36864K), 3 survivors (3072K)
 Metaspace       used 111120K, capacity 114606K, committed 114892K, reserved 1148928K
  class space    used 14259K, capacity 15588K, committed 15616K, reserved 1048576K
}
Event: 1003,597 GC heap after
{Heap after GC invocations=48 (full 0):
 garbage-first heap   total 306176K, used 133173K [0x0000000080000000, 0x0000000100000000)
  region size 1024K, 2 young (2048K), 2 survivors (2048K)
 Metaspace       used 111120K, capacity 114606K, committed 114892K, reserved 1148928K
  class space    used 14259K, capacity 15588K, committed 15616K, reserved 1048576K
}
Event: 1003,859 GC heap before
{Heap before GC invocations=48 (full 0):
 garbage-first heap   total 306176K, used 145461K [0x0000000080000000, 0x0000000100000000)
  region size 1024K, 14 young (14336K), 2 survivors (2048K)
 Metaspace       used 111171K, capacity 114606K, committed 114892K, reserved 1148928K
  class space    used 14259K, capacity 15588K, committed 15616K, reserved 1048576K
}
Event: 1003,881 GC heap after
{Heap after GC invocations=49 (full 0):
 garbage-first heap   total 306176K, used 123018K [0x0000000080000000, 0x0000000100000000)
  region size 1024K, 2 young (2048K), 2 survivors (2048K)
 Metaspace       used 111171K, capacity 114606K, committed 114892K, reserved 1148928K
  class space    used 14259K, capacity 15588K, committed 15616K, reserved 1048576K
}
Event: 1004,207 GC heap before
{Heap before GC invocations=49 (full 0):
 garbage-first heap   total 306176K, used 153738K [0x0000000080000000, 0x0000000100000000)
  region size 1024K, 33 young (33792K), 2 survivors (2048K)
 Metaspace       used 111228K, capacity 114735K, committed 114892K, reserved 1148928K
  class space    used 14259K, capacity 15588K, committed 15616K, reserved 1048576K
}
Event: 1004,229 GC heap after
{Heap after GC invocations=50 (full 0):
 garbage-first heap   total 306176K, used 126705K [0x0000000080000000, 0x0000000100000000)
  region size 1024K, 6 young (6144K), 6 survivors (6144K)
 Metaspace       used 111228K, capacity 114735K, committed 114892K, reserved 1148928K
  class space    used 14259K, capacity 15588K, committed 15616K, reserved 1048576K
}
Event: 1004,682 GC heap before
{Heap before GC invocations=50 (full 0):
 garbage-first heap   total 306176K, used 170737K [0x0000000080000000, 0x0000000100000000)
  region size 1024K, 49 young (50176K), 6 survivors (6144K)
 Metaspace       used 111279K, capacity 114800K, committed 114892K, reserved 1148928K
  class space    used 14259K, capacity 15588K, committed 15616K, reserved 1048576K
}
Event: 1004,706 GC heap after
{Heap after GC invocations=51 (full 0):
 garbage-first heap   total 306176K, used 128771K [0x0000000080000000, 0x0000000100000000)
  region size 1024K, 5 young (5120K), 5 survivors (5120K)
 Metaspace       used 111279K, capacity 114800K, committed 114892K, reserved 1148928K
  class space    used 14259K, capacity 15588K, committed 15616K, reserved 1048576K
}
Event: 1013,355 GC heap before
{Heap before GC invocations=52 (full 0):
 garbage-first heap   total 306176K, used 211715K [0x0000000080000000, 0x0000000100000000)
  region size 1024K, 71 young (72704K), 5 survivors (5120K)
 Metaspace       used 111440K, capacity 115066K, committed 115404K, reserved 1148928K
  class space    used 14259K, capacity 15588K, committed 15616K, reserved 1048576K
}
Event: 1013,391 GC heap after
{Heap after GC invocations=53 (full 0):
 garbage-first heap   total 306176K, used 130919K [0x0000000080000000, 0x0000000100000000)
  region size 1024K, 9 young (9216K), 9 survivors (9216K)
 Metaspace       used 111440K, capacity 115066K, committed 115404K, reserved 1148928K
  class space    used 14259K, capacity 15588K, committed 15616K, reserved 1048576K
}
Event: 1013,429 GC heap before
{Heap before GC invocations=53 (full 0):
 garbage-first heap   total 306176K, used 136039K [0x0000000080000000, 0x0000000100000000)
  region size 1024K, 14 young (14336K), 9 survivors (9216K)
 Metaspace       used 111444K, capacity 115066K, committed 115404K, reserved 1148928K
  class space    used 14259K, capacity 15588K, committed 15616K, reserved 1048576K
}
Event: 1013,452 GC heap after
{Heap after GC invocations=54 (full 0):
 garbage-first heap   total 306176K, used 112256K [0x0000000080000000, 0x0000000100000000)
  region size 1024K, 2 young (2048K), 2 survivors (2048K)
 Metaspace       used 111444K, capacity 115066K, committed 115404K, reserved 1148928K
  class space    used 14259K, capacity 15588K, committed 15616K, reserved 1048576K
}
Event: 1069,599 GC heap before
{Heap before GC invocations=54 (full 0):
 garbage-first heap   total 306176K, used 173696K [0x0000000080000000, 0x0000000100000000)
  region size 1024K, 63 young (64512K), 2 survivors (2048K)
 Metaspace       used 111579K, capacity 115135K, committed 115404K, reserved 1148928K
  class space    used 14260K, capacity 15588K, committed 15616K, reserved 1048576K
}
Event: 1069,652 GC heap after
{Heap after GC invocations=55 (full 0):
 garbage-first heap   total 306176K, used 117552K [0x0000000080000000, 0x0000000100000000)
  region size 1024K, 7 young (7168K), 7 survivors (7168K)
 Metaspace       used 111579K, capacity 115135K, committed 115404K, reserved 1148928K
  class space    used 14260K, capacity 15588K, committed 15616K, reserved 1048576K
}
Event: 1070,655 GC heap before
{Heap before GC invocations=56 (full 0):
 garbage-first heap   total 306176K, used 195376K [0x0000000080000000, 0x0000000100000000)
  region size 1024K, 82 young (83968K), 7 survivors (7168K)
 Metaspace       used 111752K, capacity 115285K, committed 115404K, reserved 1148928K
  class space    used 14260K, capacity 15588K, committed 15616K, reserved 1048576K
}
Event: 1070,686 GC heap after
{Heap after GC invocations=57 (full 0):
 garbage-first heap   total 306176K, used 123475K [0x0000000080000000, 0x0000000100000000)
  region size 1024K, 4 young (4096K), 4 survivors (4096K)
 Metaspace       used 111752K, capacity 115285K, committed 115404K, reserved 1148928K
  class space    used 14260K, capacity 15588K, committed 15616K, reserved 1048576K
}
Event: 1274,873 GC heap before
{Heap before GC invocations=57 (full 0):
 garbage-first heap   total 306176K, used 149075K [0x0000000080000000, 0x0000000100000000)
  region size 1024K, 14 young (14336K), 4 survivors (4096K)
 Metaspace       used 111797K, capacity 115350K, committed 115660K, reserved 1148928K
  class space    used 14260K, capacity 15588K, committed 15616K, reserved 1048576K
}
Event: 1274,902 GC heap after
{Heap after GC invocations=58 (full 0):
 garbage-first heap   total 306176K, used 112090K [0x0000000080000000, 0x0000000100000000)
  region size 1024K, 2 young (2048K), 2 survivors (2048K)
 Metaspace       used 111797K, capacity 115350K, committed 115660K, reserved 1148928K
  class space    used 14260K, capacity 15588K, committed 15616K, reserved 1048576K
}
Event: 1275,666 GC heap before
{Heap before GC invocations=58 (full 0):
 garbage-first heap   total 306176K, used 167386K [0x0000000080000000, 0x0000000100000000)
  region size 1024K, 57 young (58368K), 2 survivors (2048K)
 Metaspace       used 111869K, capacity 115352K, committed 115660K, reserved 1148928K
  class space    used 14261K, capacity 15588K, committed 15616K, reserved 1048576K
}
Event: 1275,705 GC heap after
{Heap after GC invocations=59 (full 0):
 garbage-first heap   total 306176K, used 117804K [0x0000000080000000, 0x0000000100000000)
  region size 1024K, 7 young (7168K), 7 survivors (7168K)
 Metaspace       used 111869K, capacity 115352K, committed 115660K, reserved 1148928K
  class space    used 14261K, capacity 15588K, committed 15616K, reserved 1048576K
}

